c:\users\damianosmt\documents\visual studio 2013\projects\glgasmartbody\glgasmartbody\debug\bmleventhandler.obj
c:\users\damianosmt\documents\visual studio 2013\projects\glgasmartbody\glgasmartbody\debug\glgasmartbody.obj
c:\users\damianosmt\documents\visual studio 2013\projects\glgasmartbody\glgasmartbody\debug\glgasmartbodylistener.obj
c:\users\damianosmt\documents\visual studio 2013\projects\glgasmartbody\glgasmartbody\debug\vc100.pdb
c:\users\damianosmt\documents\visual studio 2013\projects\glgasmartbody\debug\glgasmartbody.ilk
c:\users\damianosmt\documents\visual studio 2013\projects\glgasmartbody\debug\glgasmartbody.exe
c:\users\damianosmt\documents\visual studio 2013\projects\glgasmartbody\glgasmartbody\debug\glgasmartbody.exe.intermediate.manifest
c:\users\damianosmt\documents\visual studio 2013\projects\glgasmartbody\debug\glgasmartbody.pdb
c:\users\damianosmt\documents\visual studio 2013\projects\glgasmartbody\glgasmartbody\debug\glgasmartbody.exe.embed.manifest
c:\users\damianosmt\documents\visual studio 2013\projects\glgasmartbody\glgasmartbody\debug\glgasmartbody.exe.embed.manifest.res
c:\users\damianosmt\documents\visual studio 2013\projects\glgasmartbody\glgasmartbody\debug\cl.command.1.tlog
c:\users\damianosmt\documents\visual studio 2013\projects\glgasmartbody\glgasmartbody\debug\cl.read.1.tlog
c:\users\damianosmt\documents\visual studio 2013\projects\glgasmartbody\glgasmartbody\debug\cl.write.1.tlog
c:\users\damianosmt\documents\visual studio 2013\projects\glgasmartbody\glgasmartbody\debug\link-cvtres.read.1.tlog
c:\users\damianosmt\documents\visual studio 2013\projects\glgasmartbody\glgasmartbody\debug\link-cvtres.write.1.tlog
c:\users\damianosmt\documents\visual studio 2013\projects\glgasmartbody\glgasmartbody\debug\link.712-cvtres.read.1.tlog
c:\users\damianosmt\documents\visual studio 2013\projects\glgasmartbody\glgasmartbody\debug\link.712-cvtres.write.1.tlog
c:\users\damianosmt\documents\visual studio 2013\projects\glgasmartbody\glgasmartbody\debug\link.712.read.1.tlog
c:\users\damianosmt\documents\visual studio 2013\projects\glgasmartbody\glgasmartbody\debug\link.712.write.1.tlog
c:\users\damianosmt\documents\visual studio 2013\projects\glgasmartbody\glgasmartbody\debug\link.command.1.tlog
c:\users\damianosmt\documents\visual studio 2013\projects\glgasmartbody\glgasmartbody\debug\link.read.1.tlog
c:\users\damianosmt\documents\visual studio 2013\projects\glgasmartbody\glgasmartbody\debug\link.write.1.tlog
c:\users\damianosmt\documents\visual studio 2013\projects\glgasmartbody\glgasmartbody\debug\mt.command.1.tlog
c:\users\damianosmt\documents\visual studio 2013\projects\glgasmartbody\glgasmartbody\debug\mt.read.1.tlog
c:\users\damianosmt\documents\visual studio 2013\projects\glgasmartbody\glgasmartbody\debug\mt.write.1.tlog
c:\users\damianosmt\documents\visual studio 2013\projects\glgasmartbody\glgasmartbody\debug\rc.command.1.tlog
c:\users\damianosmt\documents\visual studio 2013\projects\glgasmartbody\glgasmartbody\debug\rc.read.1.tlog
c:\users\damianosmt\documents\visual studio 2013\projects\glgasmartbody\glgasmartbody\debug\rc.write.1.tlog
c:\users\damianosmt\documents\visual studio 2013\projects\glgasmartbody\glgasmartbody\debug\vc100.idb
c:\users\damianosmt\documents\visual studio 2013\projects\glgasmartbody\glgasmartbody\debug\glgasmartbody_manifest.rc
